18:09:16 INFO  : Registering command handlers for SDK TCF services
18:09:22 INFO  : Launching XSCT server: xsct -n -interactive /home/hbucher/tests/xilinx/zybo_eth/zybo_eth.sdk/temp_xsdb_launch_script.tcl
18:09:25 INFO  : XSCT server has started successfully.
18:09:26 INFO  : Successfully done setting XSCT server connection channel  
18:09:26 INFO  : Successfully done setting SDK workspace  
18:09:26 INFO  : Processing command line option -hwspec /home/hbucher/tests/xilinx/zybo_eth/zybo_eth.sdk/design_1_wrapper.hdf.
18:36:45 INFO  : 'targets -set -filter {jtag_cable_name =~ "Digilent Zybo 210279787070A" && level==0} -index 1' command is executed.
18:36:45 INFO  : 'fpga -state' command is executed.
18:36:45 INFO  : Connected to target on host '127.0.0.1' and port '3121'.
18:36:46 INFO  : Jtag cable 'Digilent Zybo 210279787070A' is selected.
18:36:46 INFO  : 'jtag frequency' command is executed.
18:36:46 INFO  : Sourcing of '/home/hbucher/tests/xilinx/zybo_eth/zybo_eth.sdk/design_1_wrapper_hw_platform_0/ps7_init.tcl' is done.
18:36:46 INFO  : Context for 'APU' is selected.
18:36:46 INFO  : Hardware design information is loaded from '/home/hbucher/tests/xilinx/zybo_eth/zybo_eth.sdk/design_1_wrapper_hw_platform_0/system.hdf'.
18:36:46 INFO  : 'configparams force-mem-access 1' command is executed.
18:36:46 INFO  : Context for 'APU' is selected.
18:36:46 INFO  : 'stop' command is executed.
18:36:47 INFO  : 'ps7_init' command is executed.
18:36:47 INFO  : 'ps7_post_config' command is executed.
18:36:47 INFO  : Context for processor 'ps7_cortexa9_0' is selected.
18:36:47 INFO  : Processor reset is completed for 'ps7_cortexa9_0'.
18:36:47 INFO  : Context for processor 'ps7_cortexa9_0' is selected.
18:36:47 INFO  : The application '/home/hbucher/tests/xilinx/zybo_eth/zybo_eth.sdk/echo/Debug/echo.elf' is downloaded to processor 'ps7_cortexa9_0'.
18:36:47 INFO  : 'configparams force-mem-access 0' command is executed.
18:36:47 INFO  : ----------------XSDB Script----------------
connect -url tcp:127.0.0.1:3121
source /home/hbucher/tests/xilinx/zybo_eth/zybo_eth.sdk/design_1_wrapper_hw_platform_0/ps7_init.tcl
targets -set -nocase -filter {name =~"APU*" && jtag_cable_name =~ "Digilent Zybo 210279787070A"} -index 0
loadhw -hw /home/hbucher/tests/xilinx/zybo_eth/zybo_eth.sdk/design_1_wrapper_hw_platform_0/system.hdf -mem-ranges [list {0x40000000 0xbfffffff}]
configparams force-mem-access 1
targets -set -nocase -filter {name =~"APU*" && jtag_cable_name =~ "Digilent Zybo 210279787070A"} -index 0
stop
ps7_init
ps7_post_config
targets -set -nocase -filter {name =~ "ARM*#0" && jtag_cable_name =~ "Digilent Zybo 210279787070A"} -index 0
rst -processor
targets -set -nocase -filter {name =~ "ARM*#0" && jtag_cable_name =~ "Digilent Zybo 210279787070A"} -index 0
dow /home/hbucher/tests/xilinx/zybo_eth/zybo_eth.sdk/echo/Debug/echo.elf
configparams force-mem-access 0
----------------End of Script----------------

18:36:47 INFO  : Memory regions updated for context APU
18:36:47 INFO  : Context for processor 'ps7_cortexa9_0' is selected.
18:36:47 INFO  : 'con' command is executed.
18:36:47 INFO  : ----------------XSDB Script (After Launch)----------------
targets -set -nocase -filter {name =~ "ARM*#0" && jtag_cable_name =~ "Digilent Zybo 210279787070A"} -index 0
con
----------------End of Script----------------

18:36:47 INFO  : Launch script is exported to file '/home/hbucher/tests/xilinx/zybo_eth/zybo_eth.sdk/.sdk/launch_scripts/xilinx_c-c++_application_(system_debugger)/system_debugger_using_debug_echo.elf_on_local.tcl'
18:37:46 INFO  : Refreshed build settings on project echo
18:38:27 INFO  : Disconnected from the channel tcfchan#1.
18:38:29 INFO  : 'targets -set -filter {jtag_cable_name =~ "Digilent Zybo 210279787070A" && level==0} -index 1' command is executed.
18:38:29 INFO  : 'fpga -state' command is executed.
18:38:29 INFO  : Connected to target on host '127.0.0.1' and port '3121'.
18:38:29 INFO  : Jtag cable 'Digilent Zybo 210279787070A' is selected.
18:38:29 INFO  : 'jtag frequency' command is executed.
18:38:29 INFO  : Sourcing of '/home/hbucher/tests/xilinx/zybo_eth/zybo_eth.sdk/design_1_wrapper_hw_platform_0/ps7_init.tcl' is done.
18:38:29 INFO  : Context for 'APU' is selected.
18:38:30 INFO  : Hardware design information is loaded from '/home/hbucher/tests/xilinx/zybo_eth/zybo_eth.sdk/design_1_wrapper_hw_platform_0/system.hdf'.
18:38:30 INFO  : 'configparams force-mem-access 1' command is executed.
18:38:30 INFO  : Context for 'APU' is selected.
18:38:30 INFO  : 'stop' command is executed.
18:38:31 INFO  : 'ps7_init' command is executed.
18:38:31 INFO  : 'ps7_post_config' command is executed.
18:38:31 INFO  : Context for processor 'ps7_cortexa9_0' is selected.
18:38:31 INFO  : Processor reset is completed for 'ps7_cortexa9_0'.
18:38:31 INFO  : Context for processor 'ps7_cortexa9_0' is selected.
18:38:32 INFO  : The application '/home/hbucher/tests/xilinx/zybo_eth/zybo_eth.sdk/echo/Debug/echo.elf' is downloaded to processor 'ps7_cortexa9_0'.
18:38:32 INFO  : 'configparams force-mem-access 0' command is executed.
18:38:32 INFO  : ----------------XSDB Script----------------
connect -url tcp:127.0.0.1:3121
source /home/hbucher/tests/xilinx/zybo_eth/zybo_eth.sdk/design_1_wrapper_hw_platform_0/ps7_init.tcl
targets -set -nocase -filter {name =~"APU*" && jtag_cable_name =~ "Digilent Zybo 210279787070A"} -index 0
loadhw -hw /home/hbucher/tests/xilinx/zybo_eth/zybo_eth.sdk/design_1_wrapper_hw_platform_0/system.hdf -mem-ranges [list {0x40000000 0xbfffffff}]
configparams force-mem-access 1
targets -set -nocase -filter {name =~"APU*" && jtag_cable_name =~ "Digilent Zybo 210279787070A"} -index 0
stop
ps7_init
ps7_post_config
targets -set -nocase -filter {name =~ "ARM*#0" && jtag_cable_name =~ "Digilent Zybo 210279787070A"} -index 0
rst -processor
targets -set -nocase -filter {name =~ "ARM*#0" && jtag_cable_name =~ "Digilent Zybo 210279787070A"} -index 0
dow /home/hbucher/tests/xilinx/zybo_eth/zybo_eth.sdk/echo/Debug/echo.elf
configparams force-mem-access 0
----------------End of Script----------------

18:38:32 INFO  : Memory regions updated for context APU
18:38:32 INFO  : Context for processor 'ps7_cortexa9_0' is selected.
18:38:32 INFO  : 'con' command is executed.
18:38:32 INFO  : ----------------XSDB Script (After Launch)----------------
targets -set -nocase -filter {name =~ "ARM*#0" && jtag_cable_name =~ "Digilent Zybo 210279787070A"} -index 0
con
----------------End of Script----------------

18:38:32 INFO  : Launch script is exported to file '/home/hbucher/tests/xilinx/zybo_eth/zybo_eth.sdk/.sdk/launch_scripts/xilinx_c-c++_application_(system_debugger)/system_debugger_using_debug_echo.elf_on_local.tcl'
19:21:24 INFO  : Refreshed build settings on project echo
19:57:02 INFO  : Disconnected from the channel tcfchan#2.
19:57:03 INFO  : 'targets -set -filter {jtag_cable_name =~ "Digilent Zybo 210279787070A" && level==0} -index 1' command is executed.
19:57:03 INFO  : 'fpga -state' command is executed.
19:57:08 INFO  : Memory regions updated for context APU
19:57:16 INFO  : Connected to target on host '127.0.0.1' and port '3121'.
19:57:16 INFO  : 'targets -set -filter {jtag_cable_name =~ "Digilent Zybo 210279787070A" && level==0} -index 1' command is executed.
19:57:17 INFO  : FPGA configured successfully with bitstream "/home/hbucher/tests/xilinx/zybo_eth/zybo_eth.sdk/design_1_wrapper_hw_platform_0/design_1_wrapper.bit"
19:57:22 INFO  : 'targets -set -filter {jtag_cable_name =~ "Digilent Zybo 210279787070A" && level==0} -index 1' command is executed.
19:57:22 INFO  : 'fpga -state' command is executed.
19:57:22 INFO  : Connected to target on host '127.0.0.1' and port '3121'.
19:57:22 INFO  : Jtag cable 'Digilent Zybo 210279787070A' is selected.
19:57:22 INFO  : 'jtag frequency' command is executed.
19:57:22 INFO  : Sourcing of '/home/hbucher/tests/xilinx/zybo_eth/zybo_eth.sdk/design_1_wrapper_hw_platform_0/ps7_init.tcl' is done.
19:57:22 INFO  : Context for 'APU' is selected.
19:57:22 INFO  : Hardware design information is loaded from '/home/hbucher/tests/xilinx/zybo_eth/zybo_eth.sdk/design_1_wrapper_hw_platform_0/system.hdf'.
19:57:22 INFO  : 'configparams force-mem-access 1' command is executed.
19:57:22 INFO  : Context for 'APU' is selected.
19:57:22 INFO  : 'stop' command is executed.
19:57:23 INFO  : 'ps7_init' command is executed.
19:57:23 INFO  : 'ps7_post_config' command is executed.
19:57:24 INFO  : Context for processor 'ps7_cortexa9_0' is selected.
19:57:24 INFO  : Processor reset is completed for 'ps7_cortexa9_0'.
19:57:24 INFO  : Context for processor 'ps7_cortexa9_0' is selected.
19:57:24 INFO  : The application '/home/hbucher/tests/xilinx/zybo_eth/zybo_eth.sdk/echo/Debug/echo.elf' is downloaded to processor 'ps7_cortexa9_0'.
19:57:24 INFO  : 'configparams force-mem-access 0' command is executed.
19:57:24 INFO  : ----------------XSDB Script----------------
connect -url tcp:127.0.0.1:3121
source /home/hbucher/tests/xilinx/zybo_eth/zybo_eth.sdk/design_1_wrapper_hw_platform_0/ps7_init.tcl
targets -set -nocase -filter {name =~"APU*" && jtag_cable_name =~ "Digilent Zybo 210279787070A"} -index 0
loadhw -hw /home/hbucher/tests/xilinx/zybo_eth/zybo_eth.sdk/design_1_wrapper_hw_platform_0/system.hdf -mem-ranges [list {0x40000000 0xbfffffff}]
configparams force-mem-access 1
targets -set -nocase -filter {name =~"APU*" && jtag_cable_name =~ "Digilent Zybo 210279787070A"} -index 0
stop
ps7_init
ps7_post_config
targets -set -nocase -filter {name =~ "ARM*#0" && jtag_cable_name =~ "Digilent Zybo 210279787070A"} -index 0
rst -processor
targets -set -nocase -filter {name =~ "ARM*#0" && jtag_cable_name =~ "Digilent Zybo 210279787070A"} -index 0
dow /home/hbucher/tests/xilinx/zybo_eth/zybo_eth.sdk/echo/Debug/echo.elf
configparams force-mem-access 0
----------------End of Script----------------

19:57:24 INFO  : Memory regions updated for context APU
19:57:24 INFO  : Context for processor 'ps7_cortexa9_0' is selected.
19:57:24 INFO  : 'con' command is executed.
19:57:24 INFO  : ----------------XSDB Script (After Launch)----------------
targets -set -nocase -filter {name =~ "ARM*#0" && jtag_cable_name =~ "Digilent Zybo 210279787070A"} -index 0
con
----------------End of Script----------------

19:57:24 INFO  : Launch script is exported to file '/home/hbucher/tests/xilinx/zybo_eth/zybo_eth.sdk/.sdk/launch_scripts/xilinx_c-c++_application_(system_debugger)/system_debugger_using_debug_echo.elf_on_local.tcl'
19:58:30 INFO  : Disconnected from the channel tcfchan#3.
19:58:31 INFO  : 'targets -set -filter {jtag_cable_name =~ "Digilent Zybo 210279787070A" && level==0} -index 1' command is executed.
19:58:31 INFO  : 'fpga -state' command is executed.
19:58:31 INFO  : Connected to target on host '127.0.0.1' and port '3121'.
19:58:31 INFO  : Jtag cable 'Digilent Zybo 210279787070A' is selected.
19:58:31 INFO  : 'jtag frequency' command is executed.
19:58:31 INFO  : Sourcing of '/home/hbucher/tests/xilinx/zybo_eth/zybo_eth.sdk/design_1_wrapper_hw_platform_0/ps7_init.tcl' is done.
19:58:31 INFO  : Context for 'APU' is selected.
19:58:33 INFO  : Hardware design information is loaded from '/home/hbucher/tests/xilinx/zybo_eth/zybo_eth.sdk/design_1_wrapper_hw_platform_0/system.hdf'.
19:58:33 INFO  : 'configparams force-mem-access 1' command is executed.
19:58:33 INFO  : Context for 'APU' is selected.
19:58:33 INFO  : 'stop' command is executed.
19:58:34 INFO  : 'ps7_init' command is executed.
19:58:34 INFO  : 'ps7_post_config' command is executed.
19:58:34 INFO  : Context for processor 'ps7_cortexa9_0' is selected.
19:58:34 INFO  : Processor reset is completed for 'ps7_cortexa9_0'.
19:58:34 INFO  : Context for processor 'ps7_cortexa9_0' is selected.
19:58:35 INFO  : The application '/home/hbucher/tests/xilinx/zybo_eth/zybo_eth.sdk/echo/Debug/echo.elf' is downloaded to processor 'ps7_cortexa9_0'.
19:58:35 INFO  : 'configparams force-mem-access 0' command is executed.
19:58:35 INFO  : ----------------XSDB Script----------------
connect -url tcp:127.0.0.1:3121
source /home/hbucher/tests/xilinx/zybo_eth/zybo_eth.sdk/design_1_wrapper_hw_platform_0/ps7_init.tcl
targets -set -nocase -filter {name =~"APU*" && jtag_cable_name =~ "Digilent Zybo 210279787070A"} -index 0
loadhw -hw /home/hbucher/tests/xilinx/zybo_eth/zybo_eth.sdk/design_1_wrapper_hw_platform_0/system.hdf -mem-ranges [list {0x40000000 0xbfffffff}]
configparams force-mem-access 1
targets -set -nocase -filter {name =~"APU*" && jtag_cable_name =~ "Digilent Zybo 210279787070A"} -index 0
stop
ps7_init
ps7_post_config
targets -set -nocase -filter {name =~ "ARM*#0" && jtag_cable_name =~ "Digilent Zybo 210279787070A"} -index 0
rst -processor
targets -set -nocase -filter {name =~ "ARM*#0" && jtag_cable_name =~ "Digilent Zybo 210279787070A"} -index 0
dow /home/hbucher/tests/xilinx/zybo_eth/zybo_eth.sdk/echo/Debug/echo.elf
configparams force-mem-access 0
----------------End of Script----------------

19:58:35 INFO  : Memory regions updated for context APU
19:58:35 INFO  : Context for processor 'ps7_cortexa9_0' is selected.
19:58:35 INFO  : 'con' command is executed.
19:58:35 INFO  : ----------------XSDB Script (After Launch)----------------
targets -set -nocase -filter {name =~ "ARM*#0" && jtag_cable_name =~ "Digilent Zybo 210279787070A"} -index 0
con
----------------End of Script----------------

19:58:35 INFO  : Launch script is exported to file '/home/hbucher/tests/xilinx/zybo_eth/zybo_eth.sdk/.sdk/launch_scripts/xilinx_c-c++_application_(system_debugger)/system_debugger_using_debug_echo.elf_on_local.tcl'
19:59:24 INFO  : Disconnected from the channel tcfchan#4.
19:59:25 INFO  : 'targets -set -filter {jtag_cable_name =~ "Digilent Zybo 210279787070A" && level==0} -index 1' command is executed.
19:59:25 INFO  : 'fpga -state' command is executed.
19:59:25 INFO  : Connected to target on host '127.0.0.1' and port '3121'.
19:59:26 INFO  : Jtag cable 'Digilent Zybo 210279787070A' is selected.
19:59:26 INFO  : 'jtag frequency' command is executed.
19:59:26 INFO  : Sourcing of '/home/hbucher/tests/xilinx/zybo_eth/zybo_eth.sdk/design_1_wrapper_hw_platform_0/ps7_init.tcl' is done.
19:59:26 INFO  : Context for 'APU' is selected.
19:59:27 INFO  : Hardware design information is loaded from '/home/hbucher/tests/xilinx/zybo_eth/zybo_eth.sdk/design_1_wrapper_hw_platform_0/system.hdf'.
19:59:27 INFO  : 'configparams force-mem-access 1' command is executed.
19:59:27 INFO  : Context for 'APU' is selected.
19:59:27 INFO  : 'stop' command is executed.
19:59:28 INFO  : 'ps7_init' command is executed.
19:59:29 INFO  : 'ps7_post_config' command is executed.
19:59:29 INFO  : Context for processor 'ps7_cortexa9_0' is selected.
19:59:29 INFO  : Processor reset is completed for 'ps7_cortexa9_0'.
19:59:29 INFO  : Context for processor 'ps7_cortexa9_0' is selected.
19:59:29 INFO  : The application '/home/hbucher/tests/xilinx/zybo_eth/zybo_eth.sdk/echo/Debug/echo.elf' is downloaded to processor 'ps7_cortexa9_0'.
19:59:29 INFO  : 'configparams force-mem-access 0' command is executed.
19:59:29 INFO  : ----------------XSDB Script----------------
connect -url tcp:127.0.0.1:3121
source /home/hbucher/tests/xilinx/zybo_eth/zybo_eth.sdk/design_1_wrapper_hw_platform_0/ps7_init.tcl
targets -set -nocase -filter {name =~"APU*" && jtag_cable_name =~ "Digilent Zybo 210279787070A"} -index 0
loadhw -hw /home/hbucher/tests/xilinx/zybo_eth/zybo_eth.sdk/design_1_wrapper_hw_platform_0/system.hdf -mem-ranges [list {0x40000000 0xbfffffff}]
configparams force-mem-access 1
targets -set -nocase -filter {name =~"APU*" && jtag_cable_name =~ "Digilent Zybo 210279787070A"} -index 0
stop
ps7_init
ps7_post_config
targets -set -nocase -filter {name =~ "ARM*#0" && jtag_cable_name =~ "Digilent Zybo 210279787070A"} -index 0
rst -processor
targets -set -nocase -filter {name =~ "ARM*#0" && jtag_cable_name =~ "Digilent Zybo 210279787070A"} -index 0
dow /home/hbucher/tests/xilinx/zybo_eth/zybo_eth.sdk/echo/Debug/echo.elf
configparams force-mem-access 0
----------------End of Script----------------

19:59:29 INFO  : Memory regions updated for context APU
19:59:29 INFO  : Context for processor 'ps7_cortexa9_0' is selected.
19:59:29 INFO  : 'con' command is executed.
19:59:29 INFO  : ----------------XSDB Script (After Launch)----------------
targets -set -nocase -filter {name =~ "ARM*#0" && jtag_cable_name =~ "Digilent Zybo 210279787070A"} -index 0
con
----------------End of Script----------------

19:59:29 INFO  : Launch script is exported to file '/home/hbucher/tests/xilinx/zybo_eth/zybo_eth.sdk/.sdk/launch_scripts/xilinx_c-c++_application_(system_debugger)/system_debugger_using_debug_echo.elf_on_local.tcl'
20:27:27 INFO  : Disconnected from the channel tcfchan#5.
20:27:28 INFO  : 'targets -set -filter {jtag_cable_name =~ "Digilent Zybo 210279787070A" && level==0} -index 1' command is executed.
20:27:28 INFO  : 'fpga -state' command is executed.
20:27:28 INFO  : Connected to target on host '127.0.0.1' and port '3121'.
20:27:29 INFO  : Jtag cable 'Digilent Zybo 210279787070A' is selected.
20:27:29 INFO  : 'jtag frequency' command is executed.
20:27:29 INFO  : Sourcing of '/home/hbucher/tests/xilinx/zybo_eth/zybo_eth.sdk/design_1_wrapper_hw_platform_0/ps7_init.tcl' is done.
20:27:29 INFO  : Context for 'APU' is selected.
20:27:31 INFO  : Hardware design information is loaded from '/home/hbucher/tests/xilinx/zybo_eth/zybo_eth.sdk/design_1_wrapper_hw_platform_0/system.hdf'.
20:27:31 INFO  : 'configparams force-mem-access 1' command is executed.
20:27:31 INFO  : Context for 'APU' is selected.
20:27:31 INFO  : 'stop' command is executed.
20:27:32 INFO  : 'ps7_init' command is executed.
20:27:32 INFO  : 'ps7_post_config' command is executed.
20:27:32 INFO  : Context for processor 'ps7_cortexa9_0' is selected.
20:27:32 INFO  : Processor reset is completed for 'ps7_cortexa9_0'.
20:27:32 INFO  : Context for processor 'ps7_cortexa9_0' is selected.
20:27:33 INFO  : The application '/home/hbucher/tests/xilinx/zybo_eth/zybo_eth.sdk/echo/Debug/echo.elf' is downloaded to processor 'ps7_cortexa9_0'.
20:27:33 INFO  : 'configparams force-mem-access 0' command is executed.
20:27:33 INFO  : ----------------XSDB Script----------------
connect -url tcp:127.0.0.1:3121
source /home/hbucher/tests/xilinx/zybo_eth/zybo_eth.sdk/design_1_wrapper_hw_platform_0/ps7_init.tcl
targets -set -nocase -filter {name =~"APU*" && jtag_cable_name =~ "Digilent Zybo 210279787070A"} -index 0
loadhw -hw /home/hbucher/tests/xilinx/zybo_eth/zybo_eth.sdk/design_1_wrapper_hw_platform_0/system.hdf -mem-ranges [list {0x40000000 0xbfffffff}]
configparams force-mem-access 1
targets -set -nocase -filter {name =~"APU*" && jtag_cable_name =~ "Digilent Zybo 210279787070A"} -index 0
stop
ps7_init
ps7_post_config
targets -set -nocase -filter {name =~ "ARM*#0" && jtag_cable_name =~ "Digilent Zybo 210279787070A"} -index 0
rst -processor
targets -set -nocase -filter {name =~ "ARM*#0" && jtag_cable_name =~ "Digilent Zybo 210279787070A"} -index 0
dow /home/hbucher/tests/xilinx/zybo_eth/zybo_eth.sdk/echo/Debug/echo.elf
configparams force-mem-access 0
----------------End of Script----------------

20:27:33 INFO  : Memory regions updated for context APU
20:27:33 INFO  : Context for processor 'ps7_cortexa9_0' is selected.
20:27:33 INFO  : 'con' command is executed.
20:27:33 INFO  : ----------------XSDB Script (After Launch)----------------
targets -set -nocase -filter {name =~ "ARM*#0" && jtag_cable_name =~ "Digilent Zybo 210279787070A"} -index 0
con
----------------End of Script----------------

20:27:33 INFO  : Launch script is exported to file '/home/hbucher/tests/xilinx/zybo_eth/zybo_eth.sdk/.sdk/launch_scripts/xilinx_c-c++_application_(system_debugger)/system_debugger_using_debug_echo.elf_on_local.tcl'
19:52:50 INFO  : Disconnected from the channel tcfchan#6.
15:36:10 INFO  : Registering command handlers for SDK TCF services
15:36:11 INFO  : Launching XSCT server: xsct -n -interactive /home/hbucher/tests/xilinx/zybo_eth/zybo_eth.sdk/temp_xsdb_launch_script.tcl
15:36:14 INFO  : XSCT server has started successfully.
15:36:14 INFO  : Successfully done setting XSCT server connection channel  
15:36:14 INFO  : Successfully done setting SDK workspace  
15:36:14 INFO  : Processing command line option -hwspec /home/hbucher/tests/xilinx/zybo_eth/zybo_eth.sdk/design_1_wrapper.hdf.
15:36:14 INFO  : Checking for hwspec changes in the project design_1_wrapper_hw_platform_0.
15:36:56 INFO  : 'targets -set -filter {jtag_cable_name =~ "Digilent Zybo 210279787070A" && level==0} -index 1' command is executed.
15:36:56 INFO  : 'fpga -state' command is executed.
15:36:56 INFO  : Connected to target on host '127.0.0.1' and port '3121'.
15:36:56 INFO  : Jtag cable 'Digilent Zybo 210279787070A' is selected.
15:36:56 INFO  : 'jtag frequency' command is executed.
15:36:56 INFO  : Sourcing of '/home/hbucher/tests/xilinx/zybo_eth/zybo_eth.sdk/design_1_wrapper_hw_platform_0/ps7_init.tcl' is done.
15:36:56 INFO  : Context for 'APU' is selected.
15:36:56 INFO  : Hardware design information is loaded from '/home/hbucher/tests/xilinx/zybo_eth/zybo_eth.sdk/design_1_wrapper_hw_platform_0/system.hdf'.
15:36:56 INFO  : 'configparams force-mem-access 1' command is executed.
15:36:56 INFO  : Context for 'APU' is selected.
15:36:56 INFO  : 'stop' command is executed.
15:36:57 INFO  : 'ps7_init' command is executed.
15:36:57 INFO  : 'ps7_post_config' command is executed.
15:36:57 INFO  : Context for processor 'ps7_cortexa9_0' is selected.
15:36:57 INFO  : Processor reset is completed for 'ps7_cortexa9_0'.
15:36:57 INFO  : Context for processor 'ps7_cortexa9_0' is selected.
15:36:57 INFO  : The application '/home/hbucher/tests/xilinx/zybo_eth/zybo_eth.sdk/echo/Debug/echo.elf' is downloaded to processor 'ps7_cortexa9_0'.
15:36:57 INFO  : 'configparams force-mem-access 0' command is executed.
15:36:57 INFO  : ----------------XSDB Script----------------
connect -url tcp:127.0.0.1:3121
source /home/hbucher/tests/xilinx/zybo_eth/zybo_eth.sdk/design_1_wrapper_hw_platform_0/ps7_init.tcl
targets -set -nocase -filter {name =~"APU*" && jtag_cable_name =~ "Digilent Zybo 210279787070A"} -index 0
loadhw -hw /home/hbucher/tests/xilinx/zybo_eth/zybo_eth.sdk/design_1_wrapper_hw_platform_0/system.hdf -mem-ranges [list {0x40000000 0xbfffffff}]
configparams force-mem-access 1
targets -set -nocase -filter {name =~"APU*" && jtag_cable_name =~ "Digilent Zybo 210279787070A"} -index 0
stop
ps7_init
ps7_post_config
targets -set -nocase -filter {name =~ "ARM*#0" && jtag_cable_name =~ "Digilent Zybo 210279787070A"} -index 0
rst -processor
targets -set -nocase -filter {name =~ "ARM*#0" && jtag_cable_name =~ "Digilent Zybo 210279787070A"} -index 0
dow /home/hbucher/tests/xilinx/zybo_eth/zybo_eth.sdk/echo/Debug/echo.elf
configparams force-mem-access 0
----------------End of Script----------------

15:36:58 INFO  : Memory regions updated for context APU
15:36:58 INFO  : Context for processor 'ps7_cortexa9_0' is selected.
15:36:58 INFO  : 'con' command is executed.
15:36:58 INFO  : ----------------XSDB Script (After Launch)----------------
targets -set -nocase -filter {name =~ "ARM*#0" && jtag_cable_name =~ "Digilent Zybo 210279787070A"} -index 0
con
----------------End of Script----------------

15:36:58 INFO  : Launch script is exported to file '/home/hbucher/tests/xilinx/zybo_eth/zybo_eth.sdk/.sdk/launch_scripts/xilinx_c-c++_application_(system_debugger)/system_debugger_using_debug_echo.elf_on_local.tcl'
15:37:32 INFO  : Disconnected from the channel tcfchan#1.
15:37:34 INFO  : 'targets -set -filter {jtag_cable_name =~ "Digilent Zybo 210279787070A" && level==0} -index 1' command is executed.
15:37:34 INFO  : 'fpga -state' command is executed.
15:37:34 INFO  : Connected to target on host '127.0.0.1' and port '3121'.
15:37:34 INFO  : Jtag cable 'Digilent Zybo 210279787070A' is selected.
15:37:34 INFO  : 'jtag frequency' command is executed.
15:37:34 INFO  : Sourcing of '/home/hbucher/tests/xilinx/zybo_eth/zybo_eth.sdk/design_1_wrapper_hw_platform_0/ps7_init.tcl' is done.
15:37:34 INFO  : Context for 'APU' is selected.
15:37:36 INFO  : Hardware design information is loaded from '/home/hbucher/tests/xilinx/zybo_eth/zybo_eth.sdk/design_1_wrapper_hw_platform_0/system.hdf'.
15:37:36 INFO  : 'configparams force-mem-access 1' command is executed.
15:37:36 INFO  : Context for 'APU' is selected.
15:37:36 INFO  : 'stop' command is executed.
15:37:37 INFO  : 'ps7_init' command is executed.
15:37:37 INFO  : 'ps7_post_config' command is executed.
15:37:37 INFO  : Context for processor 'ps7_cortexa9_0' is selected.
15:37:37 INFO  : Processor reset is completed for 'ps7_cortexa9_0'.
15:37:37 INFO  : Context for processor 'ps7_cortexa9_0' is selected.
15:37:38 INFO  : The application '/home/hbucher/tests/xilinx/zybo_eth/zybo_eth.sdk/echo/Debug/echo.elf' is downloaded to processor 'ps7_cortexa9_0'.
15:37:38 INFO  : 'configparams force-mem-access 0' command is executed.
15:37:38 INFO  : ----------------XSDB Script----------------
connect -url tcp:127.0.0.1:3121
source /home/hbucher/tests/xilinx/zybo_eth/zybo_eth.sdk/design_1_wrapper_hw_platform_0/ps7_init.tcl
targets -set -nocase -filter {name =~"APU*" && jtag_cable_name =~ "Digilent Zybo 210279787070A"} -index 0
loadhw -hw /home/hbucher/tests/xilinx/zybo_eth/zybo_eth.sdk/design_1_wrapper_hw_platform_0/system.hdf -mem-ranges [list {0x40000000 0xbfffffff}]
configparams force-mem-access 1
targets -set -nocase -filter {name =~"APU*" && jtag_cable_name =~ "Digilent Zybo 210279787070A"} -index 0
stop
ps7_init
ps7_post_config
targets -set -nocase -filter {name =~ "ARM*#0" && jtag_cable_name =~ "Digilent Zybo 210279787070A"} -index 0
rst -processor
targets -set -nocase -filter {name =~ "ARM*#0" && jtag_cable_name =~ "Digilent Zybo 210279787070A"} -index 0
dow /home/hbucher/tests/xilinx/zybo_eth/zybo_eth.sdk/echo/Debug/echo.elf
configparams force-mem-access 0
----------------End of Script----------------

15:37:38 INFO  : Memory regions updated for context APU
15:37:38 INFO  : Context for processor 'ps7_cortexa9_0' is selected.
15:37:38 INFO  : 'con' command is executed.
15:37:38 INFO  : ----------------XSDB Script (After Launch)----------------
targets -set -nocase -filter {name =~ "ARM*#0" && jtag_cable_name =~ "Digilent Zybo 210279787070A"} -index 0
con
----------------End of Script----------------

15:37:38 INFO  : Launch script is exported to file '/home/hbucher/tests/xilinx/zybo_eth/zybo_eth.sdk/.sdk/launch_scripts/xilinx_c-c++_application_(system_debugger)/system_debugger_using_debug_echo.elf_on_local.tcl'
20:21:40 INFO  : Registering command handlers for SDK TCF services
20:21:41 INFO  : Launching XSCT server: xsct -n -interactive /home/hbucher/tests/xilinx/zybo_eth/zybo_eth.sdk/temp_xsdb_launch_script.tcl
20:21:45 INFO  : XSCT server has started successfully.
20:21:45 INFO  : Successfully done setting XSCT server connection channel  
20:21:45 INFO  : Successfully done setting SDK workspace  
20:21:45 INFO  : Processing command line option -hwspec /home/hbucher/tests/xilinx/zybo_eth/zybo_eth.sdk/design_1_wrapper.hdf.
20:21:45 INFO  : Checking for hwspec changes in the project design_1_wrapper_hw_platform_0.
20:21:57 INFO  : 'targets -set -filter {jtag_cable_name =~ "Digilent Zybo 210279787070A" && level==0} -index 1' command is executed.
20:21:57 INFO  : 'fpga -state' command is executed.
20:21:57 INFO  : Connected to target on host '127.0.0.1' and port '3121'.
20:21:57 INFO  : Jtag cable 'Digilent Zybo 210279787070A' is selected.
20:21:57 INFO  : 'jtag frequency' command is executed.
20:21:57 INFO  : Sourcing of '/home/hbucher/tests/xilinx/zybo_eth/zybo_eth.sdk/design_1_wrapper_hw_platform_0/ps7_init.tcl' is done.
20:21:57 INFO  : Context for 'APU' is selected.
20:21:57 INFO  : Hardware design information is loaded from '/home/hbucher/tests/xilinx/zybo_eth/zybo_eth.sdk/design_1_wrapper_hw_platform_0/system.hdf'.
20:21:57 INFO  : 'configparams force-mem-access 1' command is executed.
20:21:57 INFO  : Context for 'APU' is selected.
20:21:57 INFO  : 'stop' command is executed.
20:21:58 INFO  : 'ps7_init' command is executed.
20:21:58 INFO  : 'ps7_post_config' command is executed.
20:21:58 INFO  : Context for processor 'ps7_cortexa9_0' is selected.
20:21:58 INFO  : Processor reset is completed for 'ps7_cortexa9_0'.
20:21:58 INFO  : Context for processor 'ps7_cortexa9_0' is selected.
20:21:59 INFO  : The application '/home/hbucher/tests/xilinx/zybo_eth/zybo_eth.sdk/echo/Debug/echo.elf' is downloaded to processor 'ps7_cortexa9_0'.
20:21:59 INFO  : 'configparams force-mem-access 0' command is executed.
20:21:59 INFO  : ----------------XSDB Script----------------
connect -url tcp:127.0.0.1:3121
source /home/hbucher/tests/xilinx/zybo_eth/zybo_eth.sdk/design_1_wrapper_hw_platform_0/ps7_init.tcl
targets -set -nocase -filter {name =~"APU*" && jtag_cable_name =~ "Digilent Zybo 210279787070A"} -index 0
loadhw -hw /home/hbucher/tests/xilinx/zybo_eth/zybo_eth.sdk/design_1_wrapper_hw_platform_0/system.hdf -mem-ranges [list {0x40000000 0xbfffffff}]
configparams force-mem-access 1
targets -set -nocase -filter {name =~"APU*" && jtag_cable_name =~ "Digilent Zybo 210279787070A"} -index 0
stop
ps7_init
ps7_post_config
targets -set -nocase -filter {name =~ "ARM*#0" && jtag_cable_name =~ "Digilent Zybo 210279787070A"} -index 0
rst -processor
targets -set -nocase -filter {name =~ "ARM*#0" && jtag_cable_name =~ "Digilent Zybo 210279787070A"} -index 0
dow /home/hbucher/tests/xilinx/zybo_eth/zybo_eth.sdk/echo/Debug/echo.elf
configparams force-mem-access 0
----------------End of Script----------------

20:21:59 INFO  : Memory regions updated for context APU
20:21:59 INFO  : Context for processor 'ps7_cortexa9_0' is selected.
20:21:59 INFO  : 'con' command is executed.
20:21:59 INFO  : ----------------XSDB Script (After Launch)----------------
targets -set -nocase -filter {name =~ "ARM*#0" && jtag_cable_name =~ "Digilent Zybo 210279787070A"} -index 0
con
----------------End of Script----------------

20:21:59 INFO  : Launch script is exported to file '/home/hbucher/tests/xilinx/zybo_eth/zybo_eth.sdk/.sdk/launch_scripts/xilinx_c-c++_application_(system_debugger)/system_debugger_using_debug_echo.elf_on_local.tcl'
20:27:51 INFO  : Disconnected from the channel tcfchan#1.
20:27:52 INFO  : 'targets -set -filter {jtag_cable_name =~ "Digilent Zybo 210279787070A" && level==0} -index 1' command is executed.
20:27:52 INFO  : 'fpga -state' command is executed.
20:27:52 INFO  : Connected to target on host '127.0.0.1' and port '3121'.
20:27:53 INFO  : Jtag cable 'Digilent Zybo 210279787070A' is selected.
20:27:53 INFO  : 'jtag frequency' command is executed.
20:27:53 INFO  : Sourcing of '/home/hbucher/tests/xilinx/zybo_eth/zybo_eth.sdk/design_1_wrapper_hw_platform_0/ps7_init.tcl' is done.
20:27:53 INFO  : Context for 'APU' is selected.
20:27:54 INFO  : Hardware design information is loaded from '/home/hbucher/tests/xilinx/zybo_eth/zybo_eth.sdk/design_1_wrapper_hw_platform_0/system.hdf'.
20:27:54 INFO  : 'configparams force-mem-access 1' command is executed.
20:27:54 INFO  : Context for 'APU' is selected.
20:27:54 INFO  : 'stop' command is executed.
20:27:55 INFO  : 'ps7_init' command is executed.
20:27:56 INFO  : 'ps7_post_config' command is executed.
20:27:56 INFO  : Context for processor 'ps7_cortexa9_0' is selected.
20:27:56 INFO  : Processor reset is completed for 'ps7_cortexa9_0'.
20:27:56 INFO  : Context for processor 'ps7_cortexa9_0' is selected.
20:27:56 INFO  : The application '/home/hbucher/tests/xilinx/zybo_eth/zybo_eth.sdk/echo/Debug/echo.elf' is downloaded to processor 'ps7_cortexa9_0'.
20:27:56 INFO  : 'configparams force-mem-access 0' command is executed.
20:27:56 INFO  : ----------------XSDB Script----------------
connect -url tcp:127.0.0.1:3121
source /home/hbucher/tests/xilinx/zybo_eth/zybo_eth.sdk/design_1_wrapper_hw_platform_0/ps7_init.tcl
targets -set -nocase -filter {name =~"APU*" && jtag_cable_name =~ "Digilent Zybo 210279787070A"} -index 0
loadhw -hw /home/hbucher/tests/xilinx/zybo_eth/zybo_eth.sdk/design_1_wrapper_hw_platform_0/system.hdf -mem-ranges [list {0x40000000 0xbfffffff}]
configparams force-mem-access 1
targets -set -nocase -filter {name =~"APU*" && jtag_cable_name =~ "Digilent Zybo 210279787070A"} -index 0
stop
ps7_init
ps7_post_config
targets -set -nocase -filter {name =~ "ARM*#0" && jtag_cable_name =~ "Digilent Zybo 210279787070A"} -index 0
rst -processor
targets -set -nocase -filter {name =~ "ARM*#0" && jtag_cable_name =~ "Digilent Zybo 210279787070A"} -index 0
dow /home/hbucher/tests/xilinx/zybo_eth/zybo_eth.sdk/echo/Debug/echo.elf
configparams force-mem-access 0
----------------End of Script----------------

20:27:56 INFO  : Memory regions updated for context APU
20:27:56 INFO  : Context for processor 'ps7_cortexa9_0' is selected.
20:27:56 INFO  : 'con' command is executed.
20:27:56 INFO  : ----------------XSDB Script (After Launch)----------------
targets -set -nocase -filter {name =~ "ARM*#0" && jtag_cable_name =~ "Digilent Zybo 210279787070A"} -index 0
con
----------------End of Script----------------

20:27:56 INFO  : Launch script is exported to file '/home/hbucher/tests/xilinx/zybo_eth/zybo_eth.sdk/.sdk/launch_scripts/xilinx_c-c++_application_(system_debugger)/system_debugger_using_debug_echo.elf_on_local.tcl'
21:41:24 INFO  : Disconnected from the channel tcfchan#2.
21:41:25 INFO  : 'targets -set -filter {jtag_cable_name =~ "Digilent Zybo 210279787070A" && level==0} -index 1' command is executed.
21:41:26 INFO  : 'fpga -state' command is executed.
21:41:26 INFO  : Connected to target on host '127.0.0.1' and port '3121'.
21:41:26 INFO  : Jtag cable 'Digilent Zybo 210279787070A' is selected.
21:41:26 INFO  : 'jtag frequency' command is executed.
21:41:26 INFO  : Sourcing of '/home/hbucher/tests/xilinx/zybo_eth/zybo_eth.sdk/design_1_wrapper_hw_platform_0/ps7_init.tcl' is done.
21:41:26 INFO  : Context for 'APU' is selected.
21:41:27 INFO  : Hardware design information is loaded from '/home/hbucher/tests/xilinx/zybo_eth/zybo_eth.sdk/design_1_wrapper_hw_platform_0/system.hdf'.
21:41:27 INFO  : 'configparams force-mem-access 1' command is executed.
21:41:27 INFO  : Context for 'APU' is selected.
21:41:27 INFO  : 'stop' command is executed.
21:41:28 INFO  : 'ps7_init' command is executed.
21:41:28 INFO  : 'ps7_post_config' command is executed.
21:41:28 INFO  : Context for processor 'ps7_cortexa9_0' is selected.
21:41:28 INFO  : Processor reset is completed for 'ps7_cortexa9_0'.
21:41:29 INFO  : Context for processor 'ps7_cortexa9_0' is selected.
21:41:29 INFO  : The application '/home/hbucher/tests/xilinx/zybo_eth/zybo_eth.sdk/echo/Debug/echo.elf' is downloaded to processor 'ps7_cortexa9_0'.
21:41:29 INFO  : 'configparams force-mem-access 0' command is executed.
21:41:29 INFO  : ----------------XSDB Script----------------
connect -url tcp:127.0.0.1:3121
source /home/hbucher/tests/xilinx/zybo_eth/zybo_eth.sdk/design_1_wrapper_hw_platform_0/ps7_init.tcl
targets -set -nocase -filter {name =~"APU*" && jtag_cable_name =~ "Digilent Zybo 210279787070A"} -index 0
loadhw -hw /home/hbucher/tests/xilinx/zybo_eth/zybo_eth.sdk/design_1_wrapper_hw_platform_0/system.hdf -mem-ranges [list {0x40000000 0xbfffffff}]
configparams force-mem-access 1
targets -set -nocase -filter {name =~"APU*" && jtag_cable_name =~ "Digilent Zybo 210279787070A"} -index 0
stop
ps7_init
ps7_post_config
targets -set -nocase -filter {name =~ "ARM*#0" && jtag_cable_name =~ "Digilent Zybo 210279787070A"} -index 0
rst -processor
targets -set -nocase -filter {name =~ "ARM*#0" && jtag_cable_name =~ "Digilent Zybo 210279787070A"} -index 0
dow /home/hbucher/tests/xilinx/zybo_eth/zybo_eth.sdk/echo/Debug/echo.elf
configparams force-mem-access 0
----------------End of Script----------------

21:41:29 INFO  : Memory regions updated for context APU
21:41:29 INFO  : Context for processor 'ps7_cortexa9_0' is selected.
21:41:29 INFO  : 'con' command is executed.
21:41:29 INFO  : ----------------XSDB Script (After Launch)----------------
targets -set -nocase -filter {name =~ "ARM*#0" && jtag_cable_name =~ "Digilent Zybo 210279787070A"} -index 0
con
----------------End of Script----------------

21:41:29 INFO  : Launch script is exported to file '/home/hbucher/tests/xilinx/zybo_eth/zybo_eth.sdk/.sdk/launch_scripts/xilinx_c-c++_application_(system_debugger)/system_debugger_using_debug_echo.elf_on_local.tcl'
